
=== Thu Jun 10 15:06:24 2021

Packages were changed.
Update Mode: mergeDefaultDependencies

The following packages were added:
  com.unity.timeline@1.4.6
The following packages were updated:
  com.unity.xr.management from version 3.2.16 to 4.0.1

=== Mon Oct 11 13:57:48 2021

Packages were changed.
Update Mode: updateDependencies

The following packages were updated:
  com.unity.timeline from version 1.4.6 to 1.4.7
  com.unity.xr.windowsmr from version 4.4.1 to 4.4.2

=== Mon Oct 11 14:21:35 2021

Packages were changed.
Update Mode: updateDependencies

The following packages were updated:
  com.unity.adaptiveperformance from version 2.1.1 to 2.2.1
  com.unity.ads from version 3.6.1 to 3.7.5
  com.unity.analytics from version 3.5.3 to 3.6.11
  com.unity.collab-proxy from version 1.5.7 to 1.11.2
  com.unity.ide.visualstudio from version 2.0.7 to 2.0.11
  com.unity.ide.vscode from version 1.2.3 to 1.2.4
  com.unity.render-pipelines.universal from version 10.4.0 to 10.6.0
  com.unity.test-framework from version 1.1.24 to 1.1.29
  com.unity.textmeshpro from version 3.0.1 to 3.0.6
  com.unity.timeline from version 1.4.7 to 1.4.8
  com.unity.xr.oculus from version 1.9.0 to 1.10.0
  com.unity.xr.windowsmr from version 4.4.2 to 4.6.0
